2017-03-08 10:21:17,505 [5] ERROR Ad_Tools.Controllers.HomeController - czj*Login*Succeed
2017-03-08 10:41:23,623 [31] ERROR Ad_Tools.Controllers.HomeController - czj*Login*Succeed
2017-03-08 11:32:17,825 [55] ERROR Ad_Tools.Controllers.HomeController - czj*Login*Succeed
2017-03-08 11:36:26,948 [56] ERROR Ad_Tools.Controllers.HomeController - czj*Login*Succeed
2017-03-08 11:39:36,301 [55] ERROR Ad_Tools.Controllers.HomeController - czj*Login*Succeed
2017-03-08 11:42:15,518 [55] ERROR Ad_Tools.Controllers.HomeController - czj*Login*Succeed
2017-03-08 11:51:07,020 [6] ERROR Ad_Tools.Controllers.HomeController - czj*Login*Succeed
2017-03-08 11:57:33,566 [8] ERROR Ad_Tools.Controllers.HomeController - czj*Login*Succeed
2017-03-08 12:02:32,093 [11] ERROR Ad_Tools.Controllers.HomeController - czj*Login*Succeed
2017-03-08 13:36:22,424 [6] ERROR Ad_Tools.Controllers.HomeController - czj*Login*Succeed
2017-03-08 14:06:34,004 [7] ERROR Ad_Tools.Controllers.HomeController - czj*Login*Succeed
2017-03-08 14:09:33,598 [7] ERROR Ad_Tools.Controllers.UserManagementController - czj*Modified%the%password%oftest*fail
2017-03-08 14:25:05,668 [7] ERROR Ad_Tools.Controllers.HomeController - czj*Login*Succeed
2017-03-08 14:27:31,497 [39] ERROR Ad_Tools.Controllers.UserManagementController - czj*Modified%the%password%oftest*Succeed
2017-03-08 14:32:19,364 [51] ERROR Ad_Tools.Controllers.UserManagementController - czj*Disable%the%Lync%of%testSucceed*Succeed
2017-03-08 14:55:03,571 [36] ERROR Ad_Tools.Controllers.HomeController - czj*Login*Succeed
2017-03-08 21:01:23,419 [13] ERROR Ad_Tools.Controllers.HomeController - czj*Login*fail
2017-03-08 21:43:33,113 [46] ERROR Ad_Tools.Controllers.HomeController - czj*Login*Succeed
2017-03-08 21:50:56,601 [49] ERROR Ad_Tools.Controllers.HomeController - czj*Login*Succeed
2017-03-08 21:52:07,049 [49] ERROR Ad_Tools.Controllers.HomeController - czj*Login*Succeed
